生成启动时间为 2013/7/4 0:40:04。
     1>项目“D:\Documents\Visual Studio 2010\LibraryBeta03\LibraryBeta03\LibraryBeta03.vcxproj”在节点 2 上(build 个目标)。
     1>InitializeBuildStatus:
         正在对“Release\LibraryBeta03.unsuccessfulbuild”执行 Touch 任务。
       ClCompile:
         所有输出均为最新。
         所有输出均为最新。
       ResourceCompile:
         所有输出均为最新。
       Link:
         D:\Program Files (x86)\Microsoft Visual Studio 10.0\VC\bin\link.exe /ERRORREPORT:PROMPT /OUT:"D:\Documents\Visual Studio 2010\LibraryBeta03\Release\LibraryBeta03.exe" /INCREMENTAL:NO /NOLOGO odbc32.lib /MANIFEST /ManifestFile:"Release\LibraryBeta03.exe.intermediate.manifest" /MANIFESTUAC:"level='asInvoker' uiAccess='false'" /DEBUG /PDB:"D:\Documents\Visual Studio 2010\LibraryBeta03\Release\LibraryBeta03.pdb" /SUBSYSTEM:WINDOWS /OPT:REF /OPT:ICF /LTCG /TLBID:1 /ENTRY:"wWinMainCRTStartup" /DYNAMICBASE /NXCOMPAT /IMPLIB:"D:\Documents\Visual Studio 2010\LibraryBeta03\Release\LibraryBeta03.lib" /MACHINE:X86 Release\LibraryBeta03.res
         Release\AddInfoDlg.obj
         Release\Cdata1.obj
         Release\Cdata2.obj
         Release\LibraryBeta03.obj
         Release\LibraryBeta03Dlg.obj
         Release\ModifyInfo.obj
         Release\printDlg.obj
         Release\recover.obj
         Release\stdafx.obj
         正在生成代码
         已完成代码的生成
     1>LINK : fatal error LNK1123: 转换到 COFF 期间失败: 文件无效或损坏
     1>已完成生成项目“D:\Documents\Visual Studio 2010\LibraryBeta03\LibraryBeta03\LibraryBeta03.vcxproj”(build 个目标)的操作 - 失败。

生成失败。

已用时间 00:00:00.71
