生成启动时间为 2013/7/4 14:42:31。
     1>项目“D:\Documents\Visual Studio 2010\LibraryBeta03\LibraryBeta03\LibraryBeta03.vcxproj”在节点 2 上(build 个目标)。
     1>InitializeBuildStatus:
         正在创建“Debug\LibraryBeta03.unsuccessfulbuild”，因为已指定“AlwaysCreate”。
       ClCompile:
         所有输出均为最新。
         d:\Program Files (x86)\Microsoft Visual Studio 10.0\VC\bin\CL.exe /c /ZI /nologo /W3 /WX- /Od /Oy- /D WIN32 /D _WINDOWS /D _DEBUG /D _UNICODE /D UNICODE /Gm /EHsc /RTC1 /MTd /GS /fp:precise /Zc:wchar_t /Zc:forScope /Yu"StdAfx.h" /Fp"Debug\LibraryBeta03.pch" /Fo"Debug\\" /Fd"Debug\vc100.pdb" /Gd /TP /analyze- /errorReport:prompt LibraryBeta03Dlg.cpp
         LibraryBeta03Dlg.cpp
       ResourceCompile:
         所有输出均为最新。
       Link:
         d:\Program Files (x86)\Microsoft Visual Studio 10.0\VC\bin\link.exe /ERRORREPORT:PROMPT /OUT:"D:\Documents\Visual Studio 2010\LibraryBeta03\Debug\LibraryBeta03.exe" /INCREMENTAL /NOLOGO odbc32.lib /MANIFEST /ManifestFile:"Debug\LibraryBeta03.exe.intermediate.manifest" /MANIFESTUAC:"level='asInvoker' uiAccess='false'" /DEBUG /PDB:"D:\Documents\Visual Studio 2010\LibraryBeta03\Debug\LibraryBeta03.pdb" /SUBSYSTEM:WINDOWS /TLBID:1 /ENTRY:"wWinMainCRTStartup" /DYNAMICBASE /NXCOMPAT /IMPLIB:"D:\Documents\Visual Studio 2010\LibraryBeta03\Debug\LibraryBeta03.lib" /MACHINE:X86 Debug\LibraryBeta03.res
         Debug\AddInfoDlg.obj
         Debug\Cdata1.obj
         Debug\Cdata2.obj
         Debug\LibraryBeta03.obj
         Debug\LibraryBeta03Dlg.obj
         Debug\ModifyInfo.obj
         Debug\printDlg.obj
         Debug\recover.obj
         Debug\stdafx.obj
         LibraryBeta03.vcxproj -> D:\Documents\Visual Studio 2010\LibraryBeta03\Debug\LibraryBeta03.exe
       Manifest:
         C:\Program Files (x86)\Microsoft SDKs\Windows\v7.0A\bin\mt.exe /nologo /verbose /out:"D:\Documents\Visual Studio 2010\LibraryBeta03\Debug\LibraryBeta03.exe.manifest" /manifest Debug\LibraryBeta03.exe.intermediate.manifest "d:\Program Files (x86)\Microsoft Visual Studio 10.0\VC\Include\Manifest\dpiaware.manifest"
       FinalizeBuildStatus:
         正在删除文件“Debug\LibraryBeta03.unsuccessfulbuild”。
         正在对“Debug\LibraryBeta03.lastbuildstate”执行 Touch 任务。
     1>已完成生成项目“D:\Documents\Visual Studio 2010\LibraryBeta03\LibraryBeta03\LibraryBeta03.vcxproj”(build 个目标)的操作。

生成成功。

已用时间 00:00:01.84
