D:\DOCUMENTS\VISUAL STUDIO 2010\LIBRARYBETA03\DEBUG\LIBRARYBETA03.EXE
D:\DOCUMENTS\VISUAL STUDIO 2010\LIBRARYBETA03\DEBUG\LIBRARYBETA03.EXE.MANIFEST
D:\DOCUMENTS\VISUAL STUDIO 2010\LIBRARYBETA03\DEBUG\LIBRARYBETA03.ILK
D:\DOCUMENTS\VISUAL STUDIO 2010\LIBRARYBETA03\DEBUG\LIBRARYBETA03.PDB
D:\DOCUMENTS\VISUAL STUDIO 2010\LIBRARYBETA03\LIBRARYBETA03\DEBUG\ADDINFODLG.OBJ
D:\DOCUMENTS\VISUAL STUDIO 2010\LIBRARYBETA03\LIBRARYBETA03\DEBUG\CDATA1.OBJ
D:\DOCUMENTS\VISUAL STUDIO 2010\LIBRARYBETA03\LIBRARYBETA03\DEBUG\CDATA2.OBJ
D:\Documents\Visual Studio 2010\LibraryBeta03\LibraryBeta03\Debug\cl.command.1.tlog
D:\Documents\Visual Studio 2010\LibraryBeta03\LibraryBeta03\Debug\CL.read.1.tlog
D:\Documents\Visual Studio 2010\LibraryBeta03\LibraryBeta03\Debug\CL.write.1.tlog
D:\DOCUMENTS\VISUAL STUDIO 2010\LIBRARYBETA03\LIBRARYBETA03\DEBUG\LIBRARYBETA03.EXE.INTERMEDIATE.MANIFEST
D:\DOCUMENTS\VISUAL STUDIO 2010\LIBRARYBETA03\LIBRARYBETA03\DEBUG\LIBRARYBETA03.OBJ
D:\DOCUMENTS\VISUAL STUDIO 2010\LIBRARYBETA03\LIBRARYBETA03\DEBUG\LIBRARYBETA03.PCH
D:\DOCUMENTS\VISUAL STUDIO 2010\LIBRARYBETA03\LIBRARYBETA03\DEBUG\LIBRARYBETA03.RES
D:\DOCUMENTS\VISUAL STUDIO 2010\LIBRARYBETA03\LIBRARYBETA03\DEBUG\LIBRARYBETA03DLG.OBJ
D:\Documents\Visual Studio 2010\LibraryBeta03\LibraryBeta03\Debug\link.command.1.tlog
D:\Documents\Visual Studio 2010\LibraryBeta03\LibraryBeta03\Debug\link.read.1.tlog
D:\Documents\Visual Studio 2010\LibraryBeta03\LibraryBeta03\Debug\link.write.1.tlog
D:\Documents\Visual Studio 2010\LibraryBeta03\LibraryBeta03\Debug\link-cvtres.read.1.tlog
D:\Documents\Visual Studio 2010\LibraryBeta03\LibraryBeta03\Debug\link-cvtres.write.1.tlog
D:\DOCUMENTS\VISUAL STUDIO 2010\LIBRARYBETA03\LIBRARYBETA03\DEBUG\MODIFYINFO.OBJ
D:\Documents\Visual Studio 2010\LibraryBeta03\LibraryBeta03\Debug\mt.command.1.tlog
D:\Documents\Visual Studio 2010\LibraryBeta03\LibraryBeta03\Debug\mt.read.1.tlog
D:\Documents\Visual Studio 2010\LibraryBeta03\LibraryBeta03\Debug\mt.write.1.tlog
D:\DOCUMENTS\VISUAL STUDIO 2010\LIBRARYBETA03\LIBRARYBETA03\DEBUG\PRINTDLG.OBJ
D:\Documents\Visual Studio 2010\LibraryBeta03\LibraryBeta03\Debug\rc.command.1.tlog
D:\Documents\Visual Studio 2010\LibraryBeta03\LibraryBeta03\Debug\rc.read.1.tlog
D:\Documents\Visual Studio 2010\LibraryBeta03\LibraryBeta03\Debug\rc.write.1.tlog
D:\DOCUMENTS\VISUAL STUDIO 2010\LIBRARYBETA03\LIBRARYBETA03\DEBUG\RECOVER.OBJ
D:\DOCUMENTS\VISUAL STUDIO 2010\LIBRARYBETA03\LIBRARYBETA03\DEBUG\STDAFX.OBJ
D:\Documents\Visual Studio 2010\LibraryBeta03\LibraryBeta03\Debug\vc100.idb
D:\DOCUMENTS\VISUAL STUDIO 2010\LIBRARYBETA03\LIBRARYBETA03\DEBUG\VC100.PDB
